Build started 3/7/2012 7:38:58 PM.
     1>Project "C:\Users\Julia\Documents\School\Programming Languages(350)\phase3\phase1Hint\phase1Hint.vcxproj" on node 2 (build target(s)).
     1>InitializeBuildStatus:
         Touching "Debug\phase1Hint.unsuccessfulbuild".
       ClCompile:
         c:\Program Files (x86)\Microsoft Visual Studio 10.0\VC\bin\CL.exe /c /ZI /nologo /W3 /WX- /Od /Oy- /D WIN32 /D _DEBUG /D _CONSOLE /D _UNICODE /D UNICODE /Gm /EHsc /RTC1 /MDd /GS /fp:precise /Zc:wchar_t /Zc:forScope /Fo"Debug\\" /Fd"Debug\vc100.pdb" /Gd /TP /analyze- /errorReport:prompt parser.cpp test_scanner.cpp
         parser.cpp
     1>c:\users\julia\documents\school\programming languages(350)\phase3\phase1hint\parser.cpp(20): error C2065: 'production' : undeclared identifier
     1>c:\users\julia\documents\school\programming languages(350)\phase3\phase1hint\parser.cpp(20): fatal error C1903: unable to recover from previous error(s); stopping compilation
         Generating Code...
         Compiling...
         test_scanner.cpp
     1>c:\users\julia\documents\school\programming languages(350)\phase3\phase1hint\test_scanner.cpp(57): warning C4101: 'done' : unreferenced local variable
         Generating Code...
     1>Done Building Project "C:\Users\Julia\Documents\School\Programming Languages(350)\phase3\phase1Hint\phase1Hint.vcxproj" (build target(s)) -- FAILED.

Build FAILED.

Time Elapsed 00:00:01.33
